<?xml version="1.0" encoding="UTF-8"?>
<!-- Generated by org.testng.reporters.JUnitXMLReporter -->
<testsuite ignored="0" hostname="DESKTOP-JDQLD7V" failures="1" tests="13" name="Test" time="248.476" errors="0" timestamp="2025-01-27T18:52:37 IST">
  <testcase classname="TestClass.LoginPage" name="VerifyLoginPageOFLR" time="21.992"/>
  <testcase classname="TestClass.LR_HomePage" name="verifyHomePageofLR" time="2.922"/>
  <testcase classname="TestClass.LIBIL_LoginTest" name="VerifyLoginPageOFLibil" time="10.175"/>
  <testcase classname="TestClass.Patrol_LoginTest" name="VerifyLoginPageOF_Patrol" time="7.243"/>
  <testcase classname="TestClass.searchresultsofLR" name="LRsearchResult" time="35.238"/>
  <testcase classname="TestClass.NewActListTest" name="NewActList" time="29.418"/>
  <testcase classname="TestClass.LR_EditProfilePageTest" name="LR_EditProfile" time="44.648"/>
  <testcase classname="TestClass.Lr_ChangePassTest" name="LR_Changepassword" time="51.207">
    <failure type="org.openqa.selenium.NoSuchElementException" message="no such element: Unable to locate element: {&amp;quot;method&amp;quot;:&amp;quot;xpath&amp;quot;,&amp;quot;selector&amp;quot;:&amp;quot;//h4[contains(text(),&amp;apos;Change Password&amp;apos;)]&amp;quot;}
  (Session info: chrome=132.0.6834.110)
For documentation on this error, please visit: https://www.selenium.dev/documentation/webdriver/troubleshooting/errors#no-such-element-exception
Build info: version: &amp;apos;4.16.1&amp;apos;, revision: &amp;apos;9b4c83354e&amp;apos;
System info: os.name: &amp;apos;Windows 10&amp;apos;, os.arch: &amp;apos;amd64&amp;apos;, os.version: &amp;apos;10.0&amp;apos;, java.version: &amp;apos;17.0.12&amp;apos;
Driver info: org.openqa.selenium.chrome.ChromeDriver
Command: [3cce71e1ed3e71a83a0fb35a73a8910e, findElement {using=xpath, value=//h4[contains(text(),&amp;apos;Change Password&amp;apos;)]}]
Capabilities {acceptInsecureCerts: false, browserName: chrome, browserVersion: 132.0.6834.110, chrome: {chromedriverVersion: 131.0.6778.85 (3d81e41b6f3a..., userDataDir: C:\Users\Super\AppData\Loca...}, fedcm:accounts: true, goog:chromeOptions: {debuggerAddress: localhost:50913}, networkConnectionEnabled: false, pageLoadStrategy: normal, platformName: windows, proxy: Proxy(), se:cdp: ws://localhost:50913/devtoo..., se:cdpVersion: 132.0.6834.110, setWindowRect: true, strictFileInteractability: false, timeouts: {implicit: 0, pageLoad: 300000, script: 30000}, unhandledPromptBehavior: dismiss and notify, webauthn:extension:credBlob: true, webauthn:extension:largeBlob: true, webauthn:extension:minPinLength: true, webauthn:extension:prf: true, webauthn:virtualAuthenticators: true}
Session ID: 3cce71e1ed3e71a83a0fb35a73a8910e">
      <![CDATA[org.openqa.selenium.NoSuchElementException: no such element: Unable to locate element: {"method":"xpath","selector":"//h4[contains(text(),'Change Password')]"}
  (Session info: chrome=132.0.6834.110)
For documentation on this error, please visit: https://www.selenium.dev/documentation/webdriver/troubleshooting/errors#no-such-element-exception
Build info: version: '4.16.1', revision: '9b4c83354e'
System info: os.name: 'Windows 10', os.arch: 'amd64', os.version: '10.0', java.version: '17.0.12'
Driver info: org.openqa.selenium.chrome.ChromeDriver
Command: [3cce71e1ed3e71a83a0fb35a73a8910e, findElement {using=xpath, value=//h4[contains(text(),'Change Password')]}]
Capabilities {acceptInsecureCerts: false, browserName: chrome, browserVersion: 132.0.6834.110, chrome: {chromedriverVersion: 131.0.6778.85 (3d81e41b6f3a..., userDataDir: C:\Users\Super\AppData\Loca...}, fedcm:accounts: true, goog:chromeOptions: {debuggerAddress: localhost:50913}, networkConnectionEnabled: false, pageLoadStrategy: normal, platformName: windows, proxy: Proxy(), se:cdp: ws://localhost:50913/devtoo..., se:cdpVersion: 132.0.6834.110, setWindowRect: true, strictFileInteractability: false, timeouts: {implicit: 0, pageLoad: 300000, script: 30000}, unhandledPromptBehavior: dismiss and notify, webauthn:extension:credBlob: true, webauthn:extension:largeBlob: true, webauthn:extension:minPinLength: true, webauthn:extension:prf: true, webauthn:virtualAuthenticators: true}
Session ID: 3cce71e1ed3e71a83a0fb35a73a8910e
at org.openqa.selenium.remote.codec.w3c.W3CHttpResponseCodec.createException(W3CHttpResponseCodec.java:200)
at org.openqa.selenium.remote.codec.w3c.W3CHttpResponseCodec.decode(W3CHttpResponseCodec.java:133)
at org.openqa.selenium.remote.codec.w3c.W3CHttpResponseCodec.decode(W3CHttpResponseCodec.java:52)
at org.openqa.selenium.remote.HttpCommandExecutor.execute(HttpCommandExecutor.java:191)
at org.openqa.selenium.remote.service.DriverCommandExecutor.invokeExecute(DriverCommandExecutor.java:200)
at org.openqa.selenium.remote.service.DriverCommandExecutor.execute(DriverCommandExecutor.java:175)
at org.openqa.selenium.remote.RemoteWebDriver.execute(RemoteWebDriver.java:523)
at org.openqa.selenium.remote.ElementLocation$ElementFinder$2.findElement(ElementLocation.java:165)
at org.openqa.selenium.remote.ElementLocation.findElement(ElementLocation.java:59)
at org.openqa.selenium.remote.RemoteWebDriver.findElement(RemoteWebDriver.java:360)
at org.openqa.selenium.remote.RemoteWebDriver.findElement(RemoteWebDriver.java:354)
at PomClass.LR_ChangePasswordPage.changePass(LR_ChangePasswordPage.java:55)
at TestClass.Lr_ChangePassTest.LR_Changepassword(Lr_ChangePassTest.java:75)
at java.base/java.util.ArrayList.forEach(ArrayList.java:1511)
... Removed 32 stack frames]]>
    </failure>
  </testcase> <!-- LR_Changepassword -->
  <testcase classname="TestClass.Patrol_HomepageLoginTest" name="LoginHomePageOfPatrol" time="14.659"/>
  <testcase classname="TestClass.VerifyLegiteyeWebsiteDown" name="verifyLegiteyeWebsite" time="0.529"/>
  <testcase classname="TestClass.VerifyLegitquestWebsiteDown" name="verifyLRwebsite" time="2.661"/>
  <testcase classname="TestClass.VerifyLibilWebsiteDown" name="verifyLibilWeb" time="0.777"/>
  <testcase classname="TestClass.VerifyManagementToolWebsite" name="verifyPatrolWebsite" time="0.512"/>
</testsuite> <!-- Test -->
